<?xml version="1.0" encoding="UTF-8"?>
<!-- Generated by org.testng.reporters.JUnitReportReporter -->
<testsuite hostname="Egy-MMahran-NB" name="com.steps.bdd.LoginTests" tests="2" failures="0" timestamp="7 Sep 2016 16:31:32 GMT" time="55.201" errors="0">
  <testcase name="testLogin" time="17.785" classname="com.steps.bdd.LoginTests"/>
  <testcase name="testLogin" time="37.416" classname="com.steps.bdd.LoginTests"/>
</testsuite> <!-- com.steps.bdd.LoginTests -->
