<?xml version="1.0" encoding="UTF-8"?>
<!-- Generated by org.testng.reporters.JUnitReportReporter -->
<testsuite hostname="Egy-MMahran-NB" name="com.steps.bdd.RegisterTests" tests="2" failures="0" timestamp="8 Sep 2016 15:11:00 GMT" time="17.259" errors="0">
  <testcase name="test" time="7.656" classname="com.steps.bdd.RegisterTests"/>
  <testcase name="test" time="9.603" classname="com.steps.bdd.RegisterTests"/>
</testsuite> <!-- com.steps.bdd.RegisterTests -->
